--- SEQUENTIAL ---
soa
Input path: "in"
Output path: "out"
File: in/sabatini.bmp
File: in/sabatini.bmp time(8769226)
  Load time: 478951
  Process time: 7140748
  Store time: 8290274
--- 2-THREAD ---
soa
Input path: "in"
Output path: "out"
File: in/sabatini.bmp
File: in/sabatini.bmp time(5281202)
  Load time: 486347
  Process time: 3596781
  Store time: 4794855
--- 4-THREAD ---
soa
Input path: "in"
Output path: "out"
File: in/sabatini.bmp
File: in/sabatini.bmp time(3604714)
  Load time: 485417
  Process time: 1906227
  Store time: 3119297
--- 8-THREAD ---
soa
Input path: "in"
Output path: "out"
File: in/sabatini.bmp
File: in/sabatini.bmp time(3614768)
  Load time: 485827
  Process time: 1909298
  Store time: 3128940
--- 16-THREAD ---
soa
Input path: "in"
Output path: "out"
File: in/sabatini.bmp
File: in/sabatini.bmp time(3605444)
  Load time: 475095
  Process time: 1942203
  Store time: 3130348
