--- SEQUENTIAL ---
soa
Input path: "in"
Output path: "out"
File: in/sabatini.bmp
File: in/sabatini.bmp time(8254391)
  Load time: 528091
  Process time: 7141869
  Store time: 7726299
--- 2-THREAD ---
soa
Input path: "in"
Output path: "out"
File: in/sabatini.bmp
File: in/sabatini.bmp time(4665269)
  Load time: 487259
  Process time: 3592169
  Store time: 4178010
--- 4-THREAD ---
soa
Input path: "in"
Output path: "out"
File: in/sabatini.bmp
File: in/sabatini.bmp time(2983496)
  Load time: 488063
  Process time: 1906902
  Store time: 2495432
--- 8-THREAD ---
soa
Input path: "in"
Output path: "out"
File: in/sabatini.bmp
File: in/sabatini.bmp time(2989445)
  Load time: 485823
  Process time: 1918148
  Store time: 2503622
--- 16-THREAD ---
soa
Input path: "in"
Output path: "out"
File: in/sabatini.bmp
File: in/sabatini.bmp time(2998233)
  Load time: 482842
  Process time: 1930132
  Store time: 2515390
