--- SEQUENTIAL ---
aos
Input path: "in"
Output path: "out"
File: in/sabatini.bmp
Time= 5469955 microseconds
File: in/sabatini.bmp time(7133512)
  Load time: 214289
  Process time: 5470059
  Store time: 6919222
--- 2-THREAD ---
aos
Input path: "in"
Output path: "out"
File: in/sabatini.bmp
Time= 2751870 microseconds
File: in/sabatini.bmp time(4066601)
  Load time: 131650
  Process time: 2751966
  Store time: 3934950
--- 4-THREAD ---
aos
Input path: "in"
Output path: "out"
File: in/sabatini.bmp
Time= 1459969 microseconds
File: in/sabatini.bmp time(2961364)
  Load time: 129788
  Process time: 1460157
  Store time: 2831575
--- 8-THREAD ---
aos
Input path: "in"
Output path: "out"
File: in/sabatini.bmp
Time= 1464785 microseconds
File: in/sabatini.bmp time(2742139)
  Load time: 130558
  Process time: 1464950
  Store time: 2611580
--- 16-THREAD ---
aos
Input path: "in"
Output path: "out"
File: in/sabatini.bmp
Time= 1471511 microseconds
File: in/sabatini.bmp time(2765720)
  Load time: 126190
  Process time: 1471616
  Store time: 2639530
