--- SEQUENTIAL ---
aos
Input path: "in"
Output path: "out"
File: in/sabatini.bmp
Time= 5470584 microseconds
File: in/sabatini.bmp time(6133073)
  Load time: 137546
  Process time: 5470675
  Store time: 5995527
--- 2-THREAD ---
aos
Input path: "in"
Output path: "out"
File: in/sabatini.bmp
Time= 2751411 microseconds
File: in/sabatini.bmp time(4250369)
  Load time: 129874
  Process time: 2751505
  Store time: 4120495
--- 4-THREAD ---
aos
Input path: "in"
Output path: "out"
File: in/sabatini.bmp
Time= 1459938 microseconds
File: in/sabatini.bmp time(2115663)
  Load time: 130285
  Process time: 1460105
  Store time: 1985378
--- 8-THREAD ---
aos
Input path: "in"
Output path: "out"
File: in/sabatini.bmp
Time= 1471708 microseconds
File: in/sabatini.bmp time(2125029)
  Load time: 130939
  Process time: 1471798
  Store time: 1994090
--- 16-THREAD ---
aos
Input path: "in"
Output path: "out"
File: in/sabatini.bmp
Time= 1471653 microseconds
File: in/sabatini.bmp time(2635723)
  Load time: 121945
  Process time: 1471756
  Store time: 2513778
